<?xml version="1.0" encoding="UTF-8"?>
<testsuite xmlns:xsi="http://www.w3.org/2001/XMLSchema-instance" xsi:noNamespaceSchemaLocation="https://maven.apache.org/surefire/maven-surefire-plugin/xsd/surefire-test-report-3.0.xsd" version="3.0" name="testRunner.TestRunner" time="129.754" tests="2" errors="0" skipped="0" failures="0">
  <properties>
[...]
</properties>
  <testcase name="Add New Customer" classname="Customers" time="76.157">
    <system-out><![CDATA[
@Sanity
Scenario: Add New Customer                                                                &amp#27;[90m# Features/Customers.feature:10&amp#27;[0m
setUp Sanity Method Executed
[INFO ] 2022-11-27 20:58:19.059 [main] Steps - SetUp 1 log executed.........
[INFO ] 2022-11-27 20:58:19.114 [main] Steps - User Launch Chrome Browser.....
  &amp#27;[32mGiven &amp#27;[0m&amp#27;[32mUser Launch chrome browser&amp#27;[0m                                                        &amp#27;[90m# stepDefinitions.Steps.user_launch_chrome_browser()&amp#27;[0m
[INFO ] 2022-11-27 20:58:20.217 [main] Steps - Url Opened.........
  &amp#27;[32mWhen &amp#27;[0m&amp#27;[32mUser opens URL &amp#27;[0m&amp#27;[32m&amp#27;[1m"https://admin-demo.nopcommerce.com/login"&amp#27;[0m                          &amp#27;[90m# stepDefinitions.Steps.user_opens_url(java.lang.String)&amp#27;[0m
[INFO ] 2022-11-27 20:58:20.556 [main] Steps - Entering Email Adress and Password.........
  &amp#27;[32mAnd &amp#27;[0m&amp#27;[32mUser enters Email as &amp#27;[0m&amp#27;[32m&amp#27;[1m"admin@yourstore.com"&amp#27;[0m&amp#27;[32m and Password as &amp#27;[0m&amp#27;[32m&amp#27;[1m"admin"&amp#27;[0m                  &amp#27;[90m# stepDefinitions.Steps.user_enters_email_as_and_password_as(java.lang.String,java.lang.String)&amp#27;[0m
[INFO ] 2022-11-27 20:58:33.587 [main] Steps - Log in Button Click.........
  &amp#27;[32mAnd &amp#27;[0m&amp#27;[32mClick on login&amp#27;[0m                                                                      &amp#27;[90m# stepDefinitions.Steps.click_on_login()&amp#27;[0m
[INFO ] 2022-11-27 20:58:36.607 [main] Steps - user can view dashboard test pass......
  &amp#27;[32mThen &amp#27;[0m&amp#27;[32mUser can view Dashboard&amp#27;[0m                                                            &amp#27;[90m# stepDefinitions.Steps.user_can_view_dashboard()&amp#27;[0m
[INFO ] 2022-11-27 20:58:36.709 [main] Steps - User click on customers Menu Button......
  &amp#27;[32mWhen &amp#27;[0m&amp#27;[32mUser click on customers Menu&amp#27;[0m                                                       &amp#27;[90m# stepDefinitions.Steps.user_click_on_customers_menu()&amp#27;[0m
[INFO ] 2022-11-27 20:58:54.997 [main] Steps - User Click on customers Menu Item Button......
  &amp#27;[32mAnd &amp#27;[0m&amp#27;[32mClick on customers Menu Item&amp#27;[0m                                                        &amp#27;[90m# stepDefinitions.Steps.click_on_customers_menu_item()&amp#27;[0m
[INFO ] 2022-11-27 20:59:19.685 [main] Steps - User Click on Add new button......
  &amp#27;[32mAnd &amp#27;[0m&amp#27;[32mClick on Add new button&amp#27;[0m                                                             &amp#27;[90m# stepDefinitions.Steps.click_on_add_new_button()&amp#27;[0m
[INFO ] 2022-11-27 20:59:19.701 [main] Steps - User can view add new customers page pass......
  &amp#27;[32mThen &amp#27;[0m&amp#27;[32mUser can view add new customers page&amp#27;[0m                                               &amp#27;[90m# stepDefinitions.Steps.user_can_view_add_new_customers_page()&amp#27;[0m
[INFO ] 2022-11-27 20:59:20.903 [main] Steps - User enters customers info ......
  &amp#27;[32mWhen &amp#27;[0m&amp#27;[32mUser enters customers info&amp#27;[0m                                                         &amp#27;[90m# stepDefinitions.Steps.user_enters_customers_info()&amp#27;[0m
[INFO ] 2022-11-27 20:59:29.309 [main] Steps - User enters customers info ......
  &amp#27;[32mAnd &amp#27;[0m&amp#27;[32mClick on Save button&amp#27;[0m                                                                &amp#27;[90m# stepDefinitions.Steps.click_on_save_button()&amp#27;[0m
[INFO ] 2022-11-27 20:59:29.424 [main] Steps - User can view confirmation message test pass......
  &amp#27;[32mThen &amp#27;[0m&amp#27;[32mUser can view confirmation message &amp#27;[0m&amp#27;[32m&amp#27;[1m"The new customer has been added successfully."&amp#27;[0m &amp#27;[90m# stepDefinitions.Steps.user_can_view_confirmation_message(java.lang.String)&amp#27;[0m
[INFO ] 2022-11-27 20:59:29.631 [main] Steps - Browser Closed......
  &amp#27;[32mAnd &amp#27;[0m&amp#27;[32mclose browser&amp#27;[0m                                                                       &amp#27;[90m# stepDefinitions.Steps.close_browser()&amp#27;[0m
Tear Down Method Executed
]]></system-out>
    <system-err><![CDATA[SLF4J: No SLF4J providers were found.
SLF4J: Defaulting to no-operation (NOP) logger implementation
SLF4J: See http://www.slf4j.org/codes.html#noProviders for further details.
Starting ChromeDriver 107.0.5304.62 (1eec40d3a5764881c92085aaee66d25075c159aa-refs/branch-heads/5304@{#942}) on port 11000
Only local connections are allowed.
Please see https://chromedriver.chromium.org/security-considerations for suggestions on keeping ChromeDriver safe.
ChromeDriver was started successfully.
]]></system-err>
  </testcase>
  <testcase name="Successful Login with valid credentials #1" classname="Login" time="45.337">
    <system-out><![CDATA[
@Sanity
Scenario: Successful Login with valid credentials                        &amp#27;[90m# Features/Login.feature:4&amp#27;[0m
setUp Sanity Method Executed
[INFO ] 2022-11-27 20:59:32.719 [main] Steps - SetUp 1 log executed.........
[INFO ] 2022-11-27 20:59:32.719 [main] Steps - User Launch Chrome Browser.....
  &amp#27;[32mGiven &amp#27;[0m&amp#27;[32mUser Launch chrome browser&amp#27;[0m                                       &amp#27;[90m# stepDefinitions.Steps.user_launch_chrome_browser()&amp#27;[0m
[INFO ] 2022-11-27 20:59:38.482 [main] Steps - Url Opened.........
  &amp#27;[32mWhen &amp#27;[0m&amp#27;[32mUser opens URL &amp#27;[0m&amp#27;[32m&amp#27;[1m"https://admin-demo.nopcommerce.com/login"&amp#27;[0m         &amp#27;[90m# stepDefinitions.Steps.user_opens_url(java.lang.String)&amp#27;[0m
[INFO ] 2022-11-27 20:59:38.613 [main] Steps - Entering Email Adress and Password.........
  &amp#27;[32mAnd &amp#27;[0m&amp#27;[32mUser enters Email as &amp#27;[0m&amp#27;[32m&amp#27;[1m"admin@yourstore.com"&amp#27;[0m&amp#27;[32m and Password as &amp#27;[0m&amp#27;[32m&amp#27;[1m"admin"&amp#27;[0m &amp#27;[90m# stepDefinitions.Steps.user_enters_email_as_and_password_as(java.lang.String,java.lang.String)&amp#27;[0m
[INFO ] 2022-11-27 21:00:03.431 [main] Steps - Log in Button Click.........
  &amp#27;[32mAnd &amp#27;[0m&amp#27;[32mClick on login&amp#27;[0m                                                     &amp#27;[90m# stepDefinitions.Steps.click_on_login()&amp#27;[0m
[INFO ] 2022-11-27 21:00:06.442 [main] Steps - Login Feature : Page Title Match......
  &amp#27;[32mThen &amp#27;[0m&amp#27;[32mPage Title should be &amp#27;[0m&amp#27;[32m&amp#27;[1m"Dashboard / nopCommerce administration"&amp#27;[0m     &amp#27;[90m# stepDefinitions.Steps.page_title_should_be(java.lang.String)&amp#27;[0m
[INFO ] 2022-11-27 21:00:14.823 [main] Steps - User Click on logout link......
  &amp#27;[32mWhen &amp#27;[0m&amp#27;[32mUser click on logout link&amp#27;[0m                                         &amp#27;[90m# stepDefinitions.Steps.user_click_on_logout_link()&amp#27;[0m
[INFO ] 2022-11-27 21:00:14.828 [main] Steps - Login Feature : Page Title Match......
  &amp#27;[32mThen &amp#27;[0m&amp#27;[32mPage Title should be &amp#27;[0m&amp#27;[32m&amp#27;[1m"Your store. Login"&amp#27;[0m                          &amp#27;[90m# stepDefinitions.Steps.page_title_should_be(java.lang.String)&amp#27;[0m
[INFO ] 2022-11-27 21:00:14.968 [main] Steps - Browser Closed......
  &amp#27;[32mAnd &amp#27;[0m&amp#27;[32mclose browser&amp#27;[0m                                                      &amp#27;[90m# stepDefinitions.Steps.close_browser()&amp#27;[0m
Tear Down Method Executed
]]></system-out>
    <system-err><![CDATA[Starting ChromeDriver 107.0.5304.62 (1eec40d3a5764881c92085aaee66d25075c159aa-refs/branch-heads/5304@{#942}) on port 30163
Only local connections are allowed.
Please see https://chromedriver.chromium.org/security-considerations for suggestions on keeping ChromeDriver safe.
ChromeDriver was started successfully.
]]></system-err>
  </testcase>
</testsuite>